MobileNetV2(
  (features): Sequential(
    (0): ConvBNAct(
      (0): Conv2d(3, 32, kernel_size=(3, 3), stride=(1, 1), padding=(1, 1), bias=False)
      (1): BatchNorm2d(32, eps=1e-05, momentum=0.1, affine=True, track_running_stats=True)
      (2): ReLU6(inplace=True)
    )
    (1): InvertedResidual(
      (conv): Sequential(
        (0): ConvBNAct(
          (0): Depthwise_conv2d_STE(in_channels=32, out_channels=32, kernel_size=(3, 3), qmethod=('static', 'tensor', 'channel'), bias=False, stride=(1, 1), padding=(1, 1), dilation=(1, 1), groups=32, freeze_scales=True)
          (1): BatchNorm2d(32, eps=1e-05, momentum=0.1, affine=True, track_running_stats=True)
          (2): ReLU6(inplace=True)
        )
        (1): ConvBNAct(
          (0): Conv2d_int8_STE(in_channels=32, out_channels=16, kernel_size=(1, 1), qmethod=('static', 'tensor', 'channel'), bias=False, stride=(1, 1), padding=(0, 0), dilation=(1, 1), groups=1, freeze_scales=True)
          (1): BatchNorm2d(16, eps=1e-05, momentum=0.1, affine=True, track_running_stats=True)
        )
      )
    )
    (2): InvertedResidual(
      (conv): Sequential(
        (0): ConvBNAct(
          (0): Conv2d_int8_STE(in_channels=16, out_channels=96, kernel_size=(1, 1), qmethod=('static', 'tensor', 'channel'), bias=False, stride=(1, 1), padding=(0, 0), dilation=(1, 1), groups=1, freeze_scales=True)
          (1): BatchNorm2d(96, eps=1e-05, momentum=0.1, affine=True, track_running_stats=True)
          (2): ReLU6(inplace=True)
        )
        (1): ConvBNAct(
          (0): Depthwise_conv2d_STE(in_channels=96, out_channels=96, kernel_size=(3, 3), qmethod=('static', 'tensor', 'channel'), bias=False, stride=(2, 2), padding=(1, 1), dilation=(1, 1), groups=96, freeze_scales=True)
          (1): BatchNorm2d(96, eps=1e-05, momentum=0.1, affine=True, track_running_stats=True)
          (2): ReLU6(inplace=True)
        )
        (2): ConvBNAct(
          (0): Conv2d_int8_STE(in_channels=96, out_channels=24, kernel_size=(1, 1), qmethod=('static', 'tensor', 'channel'), bias=False, stride=(1, 1), padding=(0, 0), dilation=(1, 1), groups=1, freeze_scales=True)
          (1): BatchNorm2d(24, eps=1e-05, momentum=0.1, affine=True, track_running_stats=True)
        )
      )
    )
    (3): InvertedResidual(
      (conv): Sequential(
        (0): ConvBNAct(
          (0): Conv2d_int8_STE(in_channels=24, out_channels=144, kernel_size=(1, 1), qmethod=('static', 'tensor', 'channel'), bias=False, stride=(1, 1), padding=(0, 0), dilation=(1, 1), groups=1, freeze_scales=True)
          (1): BatchNorm2d(144, eps=1e-05, momentum=0.1, affine=True, track_running_stats=True)
          (2): ReLU6(inplace=True)
        )
        (1): ConvBNAct(
          (0): Depthwise_conv2d_STE(in_channels=144, out_channels=144, kernel_size=(3, 3), qmethod=('static', 'tensor', 'channel'), bias=False, stride=(1, 1), padding=(1, 1), dilation=(1, 1), groups=144, freeze_scales=True)
          (1): BatchNorm2d(144, eps=1e-05, momentum=0.1, affine=True, track_running_stats=True)
          (2): ReLU6(inplace=True)
        )
        (2): ConvBNAct(
          (0): Conv2d_int8_STE(in_channels=144, out_channels=24, kernel_size=(1, 1), qmethod=('static', 'tensor', 'channel'), bias=False, stride=(1, 1), padding=(0, 0), dilation=(1, 1), groups=1, freeze_scales=True)
          (1): BatchNorm2d(24, eps=1e-05, momentum=0.1, affine=True, track_running_stats=True)
        )
      )
    )
    (4): InvertedResidual(
      (conv): Sequential(
        (0): ConvBNAct(
          (0): Conv2d_int8_STE(in_channels=24, out_channels=144, kernel_size=(1, 1), qmethod=('static', 'tensor', 'channel'), bias=False, stride=(1, 1), padding=(0, 0), dilation=(1, 1), groups=1, freeze_scales=True)
          (1): BatchNorm2d(144, eps=1e-05, momentum=0.1, affine=True, track_running_stats=True)
          (2): ReLU6(inplace=True)
        )
        (1): ConvBNAct(
          (0): Depthwise_conv2d_STE(in_channels=144, out_channels=144, kernel_size=(3, 3), qmethod=('static', 'tensor', 'channel'), bias=False, stride=(2, 2), padding=(1, 1), dilation=(1, 1), groups=144, freeze_scales=True)
          (1): BatchNorm2d(144, eps=1e-05, momentum=0.1, affine=True, track_running_stats=True)
          (2): ReLU6(inplace=True)
        )
        (2): ConvBNAct(
          (0): Conv2d_int8_STE(in_channels=144, out_channels=32, kernel_size=(1, 1), qmethod=('static', 'tensor', 'channel'), bias=False, stride=(1, 1), padding=(0, 0), dilation=(1, 1), groups=1, freeze_scales=True)
          (1): BatchNorm2d(32, eps=1e-05, momentum=0.1, affine=True, track_running_stats=True)
        )
      )
    )
    (5): InvertedResidual(
      (conv): Sequential(
        (0): ConvBNAct(
          (0): Conv2d_int8_STE(in_channels=32, out_channels=192, kernel_size=(1, 1), qmethod=('static', 'tensor', 'channel'), bias=False, stride=(1, 1), padding=(0, 0), dilation=(1, 1), groups=1, freeze_scales=True)
          (1): BatchNorm2d(192, eps=1e-05, momentum=0.1, affine=True, track_running_stats=True)
          (2): ReLU6(inplace=True)
        )
        (1): ConvBNAct(
          (0): Depthwise_conv2d_STE(in_channels=192, out_channels=192, kernel_size=(3, 3), qmethod=('static', 'tensor', 'channel'), bias=False, stride=(1, 1), padding=(1, 1), dilation=(1, 1), groups=192, freeze_scales=True)
          (1): BatchNorm2d(192, eps=1e-05, momentum=0.1, affine=True, track_running_stats=True)
          (2): ReLU6(inplace=True)
        )
        (2): ConvBNAct(
          (0): Conv2d_int8_STE(in_channels=192, out_channels=32, kernel_size=(1, 1), qmethod=('static', 'tensor', 'channel'), bias=False, stride=(1, 1), padding=(0, 0), dilation=(1, 1), groups=1, freeze_scales=True)
          (1): BatchNorm2d(32, eps=1e-05, momentum=0.1, affine=True, track_running_stats=True)
        )
      )
    )
    (6): InvertedResidual(
      (conv): Sequential(
        (0): ConvBNAct(
          (0): Conv2d_int8_STE(in_channels=32, out_channels=192, kernel_size=(1, 1), qmethod=('static', 'tensor', 'channel'), bias=False, stride=(1, 1), padding=(0, 0), dilation=(1, 1), groups=1, freeze_scales=True)
          (1): BatchNorm2d(192, eps=1e-05, momentum=0.1, affine=True, track_running_stats=True)
          (2): ReLU6(inplace=True)
        )
        (1): ConvBNAct(
          (0): Depthwise_conv2d_STE(in_channels=192, out_channels=192, kernel_size=(3, 3), qmethod=('static', 'tensor', 'channel'), bias=False, stride=(1, 1), padding=(1, 1), dilation=(1, 1), groups=192, freeze_scales=True)
          (1): BatchNorm2d(192, eps=1e-05, momentum=0.1, affine=True, track_running_stats=True)
          (2): ReLU6(inplace=True)
        )
        (2): ConvBNAct(
          (0): Conv2d_int8_STE(in_channels=192, out_channels=32, kernel_size=(1, 1), qmethod=('static', 'tensor', 'channel'), bias=False, stride=(1, 1), padding=(0, 0), dilation=(1, 1), groups=1, freeze_scales=True)
          (1): BatchNorm2d(32, eps=1e-05, momentum=0.1, affine=True, track_running_stats=True)
        )
      )
    )
    (7): InvertedResidual(
      (conv): Sequential(
        (0): ConvBNAct(
          (0): Conv2d_int8_STE(in_channels=32, out_channels=192, kernel_size=(1, 1), qmethod=('static', 'tensor', 'channel'), bias=False, stride=(1, 1), padding=(0, 0), dilation=(1, 1), groups=1, freeze_scales=True)
          (1): BatchNorm2d(192, eps=1e-05, momentum=0.1, affine=True, track_running_stats=True)
          (2): ReLU6(inplace=True)
        )
        (1): ConvBNAct(
          (0): Depthwise_conv2d_STE(in_channels=192, out_channels=192, kernel_size=(3, 3), qmethod=('static', 'tensor', 'channel'), bias=False, stride=(2, 2), padding=(1, 1), dilation=(1, 1), groups=192, freeze_scales=True)
          (1): BatchNorm2d(192, eps=1e-05, momentum=0.1, affine=True, track_running_stats=True)
          (2): ReLU6(inplace=True)
        )
        (2): ConvBNAct(
          (0): Conv2d_int8_STE(in_channels=192, out_channels=64, kernel_size=(1, 1), qmethod=('static', 'tensor', 'channel'), bias=False, stride=(1, 1), padding=(0, 0), dilation=(1, 1), groups=1, freeze_scales=True)
          (1): BatchNorm2d(64, eps=1e-05, momentum=0.1, affine=True, track_running_stats=True)
        )
      )
    )
    (8): InvertedResidual(
      (conv): Sequential(
        (0): ConvBNAct(
          (0): Conv2d_int8_STE(in_channels=64, out_channels=384, kernel_size=(1, 1), qmethod=('static', 'tensor', 'channel'), bias=False, stride=(1, 1), padding=(0, 0), dilation=(1, 1), groups=1, freeze_scales=True)
          (1): BatchNorm2d(384, eps=1e-05, momentum=0.1, affine=True, track_running_stats=True)
          (2): ReLU6(inplace=True)
        )
        (1): ConvBNAct(
          (0): Depthwise_conv2d_STE(in_channels=384, out_channels=384, kernel_size=(3, 3), qmethod=('static', 'tensor', 'channel'), bias=False, stride=(1, 1), padding=(1, 1), dilation=(1, 1), groups=384, freeze_scales=True)
          (1): BatchNorm2d(384, eps=1e-05, momentum=0.1, affine=True, track_running_stats=True)
          (2): ReLU6(inplace=True)
        )
        (2): ConvBNAct(
          (0): Conv2d_int8_STE(in_channels=384, out_channels=64, kernel_size=(1, 1), qmethod=('static', 'tensor', 'channel'), bias=False, stride=(1, 1), padding=(0, 0), dilation=(1, 1), groups=1, freeze_scales=True)
          (1): BatchNorm2d(64, eps=1e-05, momentum=0.1, affine=True, track_running_stats=True)
        )
      )
    )
    (9): InvertedResidual(
      (conv): Sequential(
        (0): ConvBNAct(
          (0): Conv2d_int8_STE(in_channels=64, out_channels=384, kernel_size=(1, 1), qmethod=('static', 'tensor', 'channel'), bias=False, stride=(1, 1), padding=(0, 0), dilation=(1, 1), groups=1, freeze_scales=True)
          (1): BatchNorm2d(384, eps=1e-05, momentum=0.1, affine=True, track_running_stats=True)
          (2): ReLU6(inplace=True)
        )
        (1): ConvBNAct(
          (0): Depthwise_conv2d_STE(in_channels=384, out_channels=384, kernel_size=(3, 3), qmethod=('static', 'tensor', 'channel'), bias=False, stride=(1, 1), padding=(1, 1), dilation=(1, 1), groups=384, freeze_scales=True)
          (1): BatchNorm2d(384, eps=1e-05, momentum=0.1, affine=True, track_running_stats=True)
          (2): ReLU6(inplace=True)
        )
        (2): ConvBNAct(
          (0): Conv2d_int8_STE(in_channels=384, out_channels=64, kernel_size=(1, 1), qmethod=('static', 'tensor', 'channel'), bias=False, stride=(1, 1), padding=(0, 0), dilation=(1, 1), groups=1, freeze_scales=True)
          (1): BatchNorm2d(64, eps=1e-05, momentum=0.1, affine=True, track_running_stats=True)
        )
      )
    )
    (10): InvertedResidual(
      (conv): Sequential(
        (0): ConvBNAct(
          (0): Conv2d_int8_STE(in_channels=64, out_channels=384, kernel_size=(1, 1), qmethod=('static', 'tensor', 'channel'), bias=False, stride=(1, 1), padding=(0, 0), dilation=(1, 1), groups=1, freeze_scales=True)
          (1): BatchNorm2d(384, eps=1e-05, momentum=0.1, affine=True, track_running_stats=True)
          (2): ReLU6(inplace=True)
        )
        (1): ConvBNAct(
          (0): Depthwise_conv2d_STE(in_channels=384, out_channels=384, kernel_size=(3, 3), qmethod=('static', 'tensor', 'channel'), bias=False, stride=(1, 1), padding=(1, 1), dilation=(1, 1), groups=384, freeze_scales=True)
          (1): BatchNorm2d(384, eps=1e-05, momentum=0.1, affine=True, track_running_stats=True)
          (2): ReLU6(inplace=True)
        )
        (2): ConvBNAct(
          (0): Conv2d_int8_STE(in_channels=384, out_channels=64, kernel_size=(1, 1), qmethod=('static', 'tensor', 'channel'), bias=False, stride=(1, 1), padding=(0, 0), dilation=(1, 1), groups=1, freeze_scales=True)
          (1): BatchNorm2d(64, eps=1e-05, momentum=0.1, affine=True, track_running_stats=True)
        )
      )
    )
    (11): InvertedResidual(
      (conv): Sequential(
        (0): ConvBNAct(
          (0): Conv2d_int8_STE(in_channels=64, out_channels=384, kernel_size=(1, 1), qmethod=('static', 'tensor', 'channel'), bias=False, stride=(1, 1), padding=(0, 0), dilation=(1, 1), groups=1, freeze_scales=True)
          (1): BatchNorm2d(384, eps=1e-05, momentum=0.1, affine=True, track_running_stats=True)
          (2): ReLU6(inplace=True)
        )
        (1): ConvBNAct(
          (0): Depthwise_conv2d_STE(in_channels=384, out_channels=384, kernel_size=(3, 3), qmethod=('static', 'tensor', 'channel'), bias=False, stride=(1, 1), padding=(1, 1), dilation=(1, 1), groups=384, freeze_scales=True)
          (1): BatchNorm2d(384, eps=1e-05, momentum=0.1, affine=True, track_running_stats=True)
          (2): ReLU6(inplace=True)
        )
        (2): ConvBNAct(
          (0): Conv2d_int8_STE(in_channels=384, out_channels=96, kernel_size=(1, 1), qmethod=('static', 'tensor', 'channel'), bias=False, stride=(1, 1), padding=(0, 0), dilation=(1, 1), groups=1, freeze_scales=True)
          (1): BatchNorm2d(96, eps=1e-05, momentum=0.1, affine=True, track_running_stats=True)
        )
      )
    )
    (12): InvertedResidual(
      (conv): Sequential(
        (0): ConvBNAct(
          (0): Conv2d_int8_STE(in_channels=96, out_channels=576, kernel_size=(1, 1), qmethod=('static', 'tensor', 'channel'), bias=False, stride=(1, 1), padding=(0, 0), dilation=(1, 1), groups=1, freeze_scales=True)
          (1): BatchNorm2d(576, eps=1e-05, momentum=0.1, affine=True, track_running_stats=True)
          (2): ReLU6(inplace=True)
        )
        (1): ConvBNAct(
          (0): Depthwise_conv2d_STE(in_channels=576, out_channels=576, kernel_size=(3, 3), qmethod=('static', 'tensor', 'channel'), bias=False, stride=(1, 1), padding=(1, 1), dilation=(1, 1), groups=576, freeze_scales=True)
          (1): BatchNorm2d(576, eps=1e-05, momentum=0.1, affine=True, track_running_stats=True)
          (2): ReLU6(inplace=True)
        )
        (2): ConvBNAct(
          (0): Conv2d_int8_STE(in_channels=576, out_channels=96, kernel_size=(1, 1), qmethod=('static', 'tensor', 'channel'), bias=False, stride=(1, 1), padding=(0, 0), dilation=(1, 1), groups=1, freeze_scales=True)
          (1): BatchNorm2d(96, eps=1e-05, momentum=0.1, affine=True, track_running_stats=True)
        )
      )
    )
    (13): InvertedResidual(
      (conv): Sequential(
        (0): ConvBNAct(
          (0): Conv2d_int8_STE(in_channels=96, out_channels=576, kernel_size=(1, 1), qmethod=('static', 'tensor', 'channel'), bias=False, stride=(1, 1), padding=(0, 0), dilation=(1, 1), groups=1, freeze_scales=True)
          (1): BatchNorm2d(576, eps=1e-05, momentum=0.1, affine=True, track_running_stats=True)
          (2): ReLU6(inplace=True)
        )
        (1): ConvBNAct(
          (0): Depthwise_conv2d_STE(in_channels=576, out_channels=576, kernel_size=(3, 3), qmethod=('static', 'tensor', 'channel'), bias=False, stride=(1, 1), padding=(1, 1), dilation=(1, 1), groups=576, freeze_scales=True)
          (1): BatchNorm2d(576, eps=1e-05, momentum=0.1, affine=True, track_running_stats=True)
          (2): ReLU6(inplace=True)
        )
        (2): ConvBNAct(
          (0): Conv2d_int8_STE(in_channels=576, out_channels=96, kernel_size=(1, 1), qmethod=('static', 'tensor', 'channel'), bias=False, stride=(1, 1), padding=(0, 0), dilation=(1, 1), groups=1, freeze_scales=True)
          (1): BatchNorm2d(96, eps=1e-05, momentum=0.1, affine=True, track_running_stats=True)
        )
      )
    )
    (14): InvertedResidual(
      (conv): Sequential(
        (0): ConvBNAct(
          (0): Conv2d_int8_STE(in_channels=96, out_channels=576, kernel_size=(1, 1), qmethod=('static', 'tensor', 'channel'), bias=False, stride=(1, 1), padding=(0, 0), dilation=(1, 1), groups=1, freeze_scales=True)
          (1): BatchNorm2d(576, eps=1e-05, momentum=0.1, affine=True, track_running_stats=True)
          (2): ReLU6(inplace=True)
        )
        (1): ConvBNAct(
          (0): Depthwise_conv2d_STE(in_channels=576, out_channels=576, kernel_size=(3, 3), qmethod=('static', 'tensor', 'channel'), bias=False, stride=(2, 2), padding=(1, 1), dilation=(1, 1), groups=576, freeze_scales=True)
          (1): BatchNorm2d(576, eps=1e-05, momentum=0.1, affine=True, track_running_stats=True)
          (2): ReLU6(inplace=True)
        )
        (2): ConvBNAct(
          (0): Conv2d_int8_STE(in_channels=576, out_channels=160, kernel_size=(1, 1), qmethod=('static', 'tensor', 'channel'), bias=False, stride=(1, 1), padding=(0, 0), dilation=(1, 1), groups=1, freeze_scales=True)
          (1): BatchNorm2d(160, eps=1e-05, momentum=0.1, affine=True, track_running_stats=True)
        )
      )
    )
    (15): InvertedResidual(
      (conv): Sequential(
        (0): ConvBNAct(
          (0): Conv2d_int8_STE(in_channels=160, out_channels=960, kernel_size=(1, 1), qmethod=('static', 'tensor', 'channel'), bias=False, stride=(1, 1), padding=(0, 0), dilation=(1, 1), groups=1, freeze_scales=True)
          (1): BatchNorm2d(960, eps=1e-05, momentum=0.1, affine=True, track_running_stats=True)
          (2): ReLU6(inplace=True)
        )
        (1): ConvBNAct(
          (0): Depthwise_conv2d_STE(in_channels=960, out_channels=960, kernel_size=(3, 3), qmethod=('static', 'tensor', 'channel'), bias=False, stride=(1, 1), padding=(1, 1), dilation=(1, 1), groups=960, freeze_scales=True)
          (1): BatchNorm2d(960, eps=1e-05, momentum=0.1, affine=True, track_running_stats=True)
          (2): ReLU6(inplace=True)
        )
        (2): ConvBNAct(
          (0): Conv2d_int8_STE(in_channels=960, out_channels=160, kernel_size=(1, 1), qmethod=('static', 'tensor', 'channel'), bias=False, stride=(1, 1), padding=(0, 0), dilation=(1, 1), groups=1, freeze_scales=True)
          (1): BatchNorm2d(160, eps=1e-05, momentum=0.1, affine=True, track_running_stats=True)
        )
      )
    )
    (16): InvertedResidual(
      (conv): Sequential(
        (0): ConvBNAct(
          (0): Conv2d_int8_STE(in_channels=160, out_channels=960, kernel_size=(1, 1), qmethod=('static', 'tensor', 'channel'), bias=False, stride=(1, 1), padding=(0, 0), dilation=(1, 1), groups=1, freeze_scales=True)
          (1): BatchNorm2d(960, eps=1e-05, momentum=0.1, affine=True, track_running_stats=True)
          (2): ReLU6(inplace=True)
        )
        (1): ConvBNAct(
          (0): Depthwise_conv2d_STE(in_channels=960, out_channels=960, kernel_size=(3, 3), qmethod=('static', 'tensor', 'channel'), bias=False, stride=(1, 1), padding=(1, 1), dilation=(1, 1), groups=960, freeze_scales=True)
          (1): BatchNorm2d(960, eps=1e-05, momentum=0.1, affine=True, track_running_stats=True)
          (2): ReLU6(inplace=True)
        )
        (2): ConvBNAct(
          (0): Conv2d_int8_STE(in_channels=960, out_channels=160, kernel_size=(1, 1), qmethod=('static', 'tensor', 'channel'), bias=False, stride=(1, 1), padding=(0, 0), dilation=(1, 1), groups=1, freeze_scales=True)
          (1): BatchNorm2d(160, eps=1e-05, momentum=0.1, affine=True, track_running_stats=True)
        )
      )
    )
    (17): InvertedResidual(
      (conv): Sequential(
        (0): ConvBNAct(
          (0): Conv2d_int8_STE(in_channels=160, out_channels=960, kernel_size=(1, 1), qmethod=('static', 'tensor', 'channel'), bias=False, stride=(1, 1), padding=(0, 0), dilation=(1, 1), groups=1, freeze_scales=True)
          (1): BatchNorm2d(960, eps=1e-05, momentum=0.1, affine=True, track_running_stats=True)
          (2): ReLU6(inplace=True)
        )
        (1): ConvBNAct(
          (0): Depthwise_conv2d_STE(in_channels=960, out_channels=960, kernel_size=(3, 3), qmethod=('static', 'tensor', 'channel'), bias=False, stride=(1, 1), padding=(1, 1), dilation=(1, 1), groups=960, freeze_scales=True)
          (1): BatchNorm2d(960, eps=1e-05, momentum=0.1, affine=True, track_running_stats=True)
          (2): ReLU6(inplace=True)
        )
        (2): ConvBNAct(
          (0): Conv2d_int8_STE(in_channels=960, out_channels=320, kernel_size=(1, 1), qmethod=('static', 'tensor', 'channel'), bias=False, stride=(1, 1), padding=(0, 0), dilation=(1, 1), groups=1, freeze_scales=True)
          (1): BatchNorm2d(320, eps=1e-05, momentum=0.1, affine=True, track_running_stats=True)
        )
      )
    )
    (18): ConvBNAct(
      (0): Conv2d_int8_STE(in_channels=320, out_channels=1280, kernel_size=(1, 1), qmethod=('static', 'tensor', 'channel'), bias=False, stride=(1, 1), padding=(0, 0), dilation=(1, 1), groups=1, freeze_scales=True)
      (1): BatchNorm2d(1280, eps=1e-05, momentum=0.1, affine=True, track_running_stats=True)
      (2): ReLU6(inplace=True)
    )
  )
  (classifier): Sequential(
    (0): Dropout(p=0.2, inplace=False)
    (1): Linear(in_features=1280, out_features=10, bias=True)
  )
)
